
df_1D Global: size=1024 access_num_per_thread=1 block_size=128 data_content=dc_random access_mode=am_random runTime=0.231616 ms

df_1D Global: size=1024 access_num_per_thread=2 block_size=128 data_content=dc_random access_mode=am_random runTime=0.2288 ms

df_1D Global: size=1024 access_num_per_thread=4 block_size=128 data_content=dc_random access_mode=am_random runTime=0.266752 ms

df_1D Global: size=1024 access_num_per_thread=6 block_size=128 data_content=dc_random access_mode=am_random runTime=0.234976 ms

df_1D Global: size=1024 access_num_per_thread=8 block_size=128 data_content=dc_random access_mode=am_random runTime=0.28224 ms

df_1D Global: size=1024 access_num_per_thread=12 block_size=128 data_content=dc_random access_mode=am_random runTime=0.24032 ms

df_1D Global: size=1024 access_num_per_thread=16 block_size=128 data_content=dc_random access_mode=am_random runTime=0.265568 ms

df_1D Global: size=1024 access_num_per_thread=24 block_size=128 data_content=dc_random access_mode=am_random runTime=0.264768 ms

df_1D Global: size=1024 access_num_per_thread=1 block_size=256 data_content=dc_random access_mode=am_random runTime=0.24592 ms

df_1D Global: size=1024 access_num_per_thread=2 block_size=256 data_content=dc_random access_mode=am_random runTime=0.222528 ms

df_1D Global: size=1024 access_num_per_thread=4 block_size=256 data_content=dc_random access_mode=am_random runTime=0.226016 ms

df_1D Global: size=1024 access_num_per_thread=6 block_size=256 data_content=dc_random access_mode=am_random runTime=0.241472 ms

df_1D Global: size=1024 access_num_per_thread=8 block_size=256 data_content=dc_random access_mode=am_random runTime=0.247488 ms

df_1D Global: size=1024 access_num_per_thread=12 block_size=256 data_content=dc_random access_mode=am_random runTime=0.240736 ms

df_1D Global: size=1024 access_num_per_thread=16 block_size=256 data_content=dc_random access_mode=am_random runTime=0.249184 ms

df_1D Global: size=1024 access_num_per_thread=24 block_size=256 data_content=dc_random access_mode=am_random runTime=0.271552 ms

df_1D Global: size=1024 access_num_per_thread=1 block_size=512 data_content=dc_random access_mode=am_random runTime=0.23232 ms

df_1D Global: size=1024 access_num_per_thread=2 block_size=512 data_content=dc_random access_mode=am_random runTime=0.234048 ms

df_1D Global: size=1024 access_num_per_thread=4 block_size=512 data_content=dc_random access_mode=am_random runTime=0.24192 ms

df_1D Global: size=1024 access_num_per_thread=6 block_size=512 data_content=dc_random access_mode=am_random runTime=0.230784 ms

df_1D Global: size=1024 access_num_per_thread=8 block_size=512 data_content=dc_random access_mode=am_random runTime=0.24592 ms

df_1D Global: size=1024 access_num_per_thread=12 block_size=512 data_content=dc_random access_mode=am_random runTime=0.252288 ms

df_1D Global: size=1024 access_num_per_thread=16 block_size=512 data_content=dc_random access_mode=am_random runTime=0.287616 ms

df_1D Global: size=1024 access_num_per_thread=24 block_size=512 data_content=dc_random access_mode=am_random runTime=0.275232 ms

df_1D Global: size=1024 access_num_per_thread=1 block_size=1024 data_content=dc_random access_mode=am_random runTime=0.221664 ms

df_1D Global: size=1024 access_num_per_thread=2 block_size=1024 data_content=dc_random access_mode=am_random runTime=0.234624 ms

df_1D Global: size=1024 access_num_per_thread=4 block_size=1024 data_content=dc_random access_mode=am_random runTime=0.236 ms

df_1D Global: size=1024 access_num_per_thread=6 block_size=1024 data_content=dc_random access_mode=am_random runTime=0.235872 ms

df_1D Global: size=1024 access_num_per_thread=8 block_size=1024 data_content=dc_random access_mode=am_random runTime=0.25088 ms

df_1D Global: size=1024 access_num_per_thread=12 block_size=1024 data_content=dc_random access_mode=am_random runTime=0.249184 ms

df_1D Global: size=1024 access_num_per_thread=16 block_size=1024 data_content=dc_random access_mode=am_random runTime=0.25552 ms

df_1D Global: size=1024 access_num_per_thread=24 block_size=1024 data_content=dc_random access_mode=am_random runTime=0.287808 ms

df_1D Global: size=1024 access_num_per_thread=1 block_size=128 data_content=dc_random access_mode=am_standard_normal runTime=0.223296 ms

df_1D Global: size=1024 access_num_per_thread=2 block_size=128 data_content=dc_random access_mode=am_standard_normal runTime=0.225312 ms

df_1D Global: size=1024 access_num_per_thread=4 block_size=128 data_content=dc_random access_mode=am_standard_normal runTime=0.228896 ms

df_1D Global: size=1024 access_num_per_thread=6 block_size=128 data_content=dc_random access_mode=am_standard_normal runTime=0.24784 ms

df_1D Global: size=1024 access_num_per_thread=8 block_size=128 data_content=dc_random access_mode=am_standard_normal runTime=0.234816 ms

df_1D Global: size=1024 access_num_per_thread=12 block_size=128 data_content=dc_random access_mode=am_standard_normal runTime=0.253824 ms

df_1D Global: size=1024 access_num_per_thread=16 block_size=128 data_content=dc_random access_mode=am_standard_normal runTime=0.257536 ms

df_1D Global: size=1024 access_num_per_thread=24 block_size=128 data_content=dc_random access_mode=am_standard_normal runTime=0.270016 ms

df_1D Global: size=1024 access_num_per_thread=1 block_size=256 data_content=dc_random access_mode=am_standard_normal runTime=0.224992 ms

df_1D Global: size=1024 access_num_per_thread=2 block_size=256 data_content=dc_random access_mode=am_standard_normal runTime=0.237952 ms

df_1D Global: size=1024 access_num_per_thread=4 block_size=256 data_content=dc_random access_mode=am_standard_normal runTime=0.243424 ms

df_1D Global: size=1024 access_num_per_thread=6 block_size=256 data_content=dc_random access_mode=am_standard_normal runTime=0.232768 ms

df_1D Global: size=1024 access_num_per_thread=8 block_size=256 data_content=dc_random access_mode=am_standard_normal runTime=0.238528 ms

df_1D Global: size=1024 access_num_per_thread=12 block_size=256 data_content=dc_random access_mode=am_standard_normal runTime=0.260352 ms

df_1D Global: size=1024 access_num_per_thread=16 block_size=256 data_content=dc_random access_mode=am_standard_normal runTime=0.254208 ms

df_1D Global: size=1024 access_num_per_thread=24 block_size=256 data_content=dc_random access_mode=am_standard_normal runTime=0.2704 ms

df_1D Global: size=1024 access_num_per_thread=1 block_size=512 data_content=dc_random access_mode=am_standard_normal runTime=0.231328 ms

df_1D Global: size=1024 access_num_per_thread=2 block_size=512 data_content=dc_random access_mode=am_standard_normal runTime=0.228896 ms

df_1D Global: size=1024 access_num_per_thread=4 block_size=512 data_content=dc_random access_mode=am_standard_normal runTime=0.242112 ms

df_1D Global: size=1024 access_num_per_thread=6 block_size=512 data_content=dc_random access_mode=am_standard_normal runTime=0.248096 ms

df_1D Global: size=1024 access_num_per_thread=8 block_size=512 data_content=dc_random access_mode=am_standard_normal runTime=0.240448 ms

df_1D Global: size=1024 access_num_per_thread=12 block_size=512 data_content=dc_random access_mode=am_standard_normal runTime=0.26 ms

df_1D Global: size=1024 access_num_per_thread=16 block_size=512 data_content=dc_random access_mode=am_standard_normal runTime=0.252736 ms

df_1D Global: size=1024 access_num_per_thread=24 block_size=512 data_content=dc_random access_mode=am_standard_normal runTime=0.281952 ms

df_1D Global: size=1024 access_num_per_thread=1 block_size=1024 data_content=dc_random access_mode=am_standard_normal runTime=0.25024 ms

df_1D Global: size=1024 access_num_per_thread=2 block_size=1024 data_content=dc_random access_mode=am_standard_normal runTime=0.241248 ms

df_1D Global: size=1024 access_num_per_thread=4 block_size=1024 data_content=dc_random access_mode=am_standard_normal runTime=0.233536 ms

df_1D Global: size=1024 access_num_per_thread=6 block_size=1024 data_content=dc_random access_mode=am_standard_normal runTime=0.235488 ms

df_1D Global: size=1024 access_num_per_thread=8 block_size=1024 data_content=dc_random access_mode=am_standard_normal runTime=0.238432 ms

df_1D Global: size=1024 access_num_per_thread=12 block_size=1024 data_content=dc_random access_mode=am_standard_normal runTime=0.253088 ms

df_1D Global: size=1024 access_num_per_thread=16 block_size=1024 data_content=dc_random access_mode=am_standard_normal runTime=0.271904 ms

df_1D Global: size=1024 access_num_per_thread=24 block_size=1024 data_content=dc_random access_mode=am_standard_normal runTime=0.272032 ms

df_1D Global: size=4096 access_num_per_thread=1 block_size=128 data_content=dc_random access_mode=am_random runTime=0.234176 ms

df_1D Global: size=4096 access_num_per_thread=2 block_size=128 data_content=dc_random access_mode=am_random runTime=0.230208 ms

df_1D Global: size=4096 access_num_per_thread=4 block_size=128 data_content=dc_random access_mode=am_random runTime=0.247104 ms

df_1D Global: size=4096 access_num_per_thread=6 block_size=128 data_content=dc_random access_mode=am_random runTime=0.256896 ms

df_1D Global: size=4096 access_num_per_thread=8 block_size=128 data_content=dc_random access_mode=am_random runTime=0.26256 ms

df_1D Global: size=4096 access_num_per_thread=12 block_size=128 data_content=dc_random access_mode=am_random runTime=0.27824 ms

df_1D Global: size=4096 access_num_per_thread=16 block_size=128 data_content=dc_random access_mode=am_random runTime=0.310656 ms

df_1D Global: size=4096 access_num_per_thread=24 block_size=128 data_content=dc_random access_mode=am_random runTime=0.347872 ms

df_1D Global: size=4096 access_num_per_thread=1 block_size=256 data_content=dc_random access_mode=am_random runTime=0.225984 ms

df_1D Global: size=4096 access_num_per_thread=2 block_size=256 data_content=dc_random access_mode=am_random runTime=0.25328 ms

df_1D Global: size=4096 access_num_per_thread=4 block_size=256 data_content=dc_random access_mode=am_random runTime=0.233568 ms

df_1D Global: size=4096 access_num_per_thread=6 block_size=256 data_content=dc_random access_mode=am_random runTime=0.24368 ms

df_1D Global: size=4096 access_num_per_thread=8 block_size=256 data_content=dc_random access_mode=am_random runTime=0.263776 ms

df_1D Global: size=4096 access_num_per_thread=12 block_size=256 data_content=dc_random access_mode=am_random runTime=0.299104 ms

df_1D Global: size=4096 access_num_per_thread=16 block_size=256 data_content=dc_random access_mode=am_random runTime=0.346496 ms

df_1D Global: size=4096 access_num_per_thread=24 block_size=256 data_content=dc_random access_mode=am_random runTime=0.35536 ms

df_1D Global: size=4096 access_num_per_thread=1 block_size=512 data_content=dc_random access_mode=am_random runTime=0.221856 ms

df_1D Global: size=4096 access_num_per_thread=2 block_size=512 data_content=dc_random access_mode=am_random runTime=0.235296 ms

df_1D Global: size=4096 access_num_per_thread=4 block_size=512 data_content=dc_random access_mode=am_random runTime=0.254336 ms

df_1D Global: size=4096 access_num_per_thread=6 block_size=512 data_content=dc_random access_mode=am_random runTime=0.282592 ms

df_1D Global: size=4096 access_num_per_thread=8 block_size=512 data_content=dc_random access_mode=am_random runTime=0.255424 ms

df_1D Global: size=4096 access_num_per_thread=12 block_size=512 data_content=dc_random access_mode=am_random runTime=0.288256 ms

df_1D Global: size=4096 access_num_per_thread=16 block_size=512 data_content=dc_random access_mode=am_random runTime=0.302336 ms

df_1D Global: size=4096 access_num_per_thread=24 block_size=512 data_content=dc_random access_mode=am_random runTime=0.343904 ms

df_1D Global: size=4096 access_num_per_thread=1 block_size=1024 data_content=dc_random access_mode=am_random runTime=0.226784 ms

df_1D Global: size=4096 access_num_per_thread=2 block_size=1024 data_content=dc_random access_mode=am_random runTime=0.238016 ms

df_1D Global: size=4096 access_num_per_thread=4 block_size=1024 data_content=dc_random access_mode=am_random runTime=0.249536 ms

df_1D Global: size=4096 access_num_per_thread=6 block_size=1024 data_content=dc_random access_mode=am_random runTime=0.265184 ms

df_1D Global: size=4096 access_num_per_thread=8 block_size=1024 data_content=dc_random access_mode=am_random runTime=0.2608 ms

df_1D Global: size=4096 access_num_per_thread=12 block_size=1024 data_content=dc_random access_mode=am_random runTime=0.298976 ms

df_1D Global: size=4096 access_num_per_thread=16 block_size=1024 data_content=dc_random access_mode=am_random runTime=0.311456 ms

df_1D Global: size=4096 access_num_per_thread=24 block_size=1024 data_content=dc_random access_mode=am_random runTime=0.361344 ms

df_1D Global: size=4096 access_num_per_thread=1 block_size=128 data_content=dc_random access_mode=am_standard_normal runTime=0.230592 ms

df_1D Global: size=4096 access_num_per_thread=2 block_size=128 data_content=dc_random access_mode=am_standard_normal runTime=0.238464 ms

df_1D Global: size=4096 access_num_per_thread=4 block_size=128 data_content=dc_random access_mode=am_standard_normal runTime=0.260448 ms

df_1D Global: size=4096 access_num_per_thread=6 block_size=128 data_content=dc_random access_mode=am_standard_normal runTime=0.245984 ms

df_1D Global: size=4096 access_num_per_thread=8 block_size=128 data_content=dc_random access_mode=am_standard_normal runTime=0.26528 ms

df_1D Global: size=4096 access_num_per_thread=12 block_size=128 data_content=dc_random access_mode=am_standard_normal runTime=0.294848 ms

df_1D Global: size=4096 access_num_per_thread=16 block_size=128 data_content=dc_random access_mode=am_standard_normal runTime=0.280096 ms

df_1D Global: size=4096 access_num_per_thread=24 block_size=128 data_content=dc_random access_mode=am_standard_normal runTime=0.30928 ms

df_1D Global: size=4096 access_num_per_thread=1 block_size=256 data_content=dc_random access_mode=am_standard_normal runTime=0.237472 ms

df_1D Global: size=4096 access_num_per_thread=2 block_size=256 data_content=dc_random access_mode=am_standard_normal runTime=0.23888 ms

df_1D Global: size=4096 access_num_per_thread=4 block_size=256 data_content=dc_random access_mode=am_standard_normal runTime=0.25808 ms

df_1D Global: size=4096 access_num_per_thread=6 block_size=256 data_content=dc_random access_mode=am_standard_normal runTime=0.24592 ms

df_1D Global: size=4096 access_num_per_thread=8 block_size=256 data_content=dc_random access_mode=am_standard_normal runTime=0.255072 ms

df_1D Global: size=4096 access_num_per_thread=12 block_size=256 data_content=dc_random access_mode=am_standard_normal runTime=0.275904 ms

df_1D Global: size=4096 access_num_per_thread=16 block_size=256 data_content=dc_random access_mode=am_standard_normal runTime=0.335936 ms

df_1D Global: size=4096 access_num_per_thread=24 block_size=256 data_content=dc_random access_mode=am_standard_normal runTime=0.359232 ms

df_1D Global: size=4096 access_num_per_thread=1 block_size=512 data_content=dc_random access_mode=am_standard_normal runTime=0.23136 ms

df_1D Global: size=4096 access_num_per_thread=2 block_size=512 data_content=dc_random access_mode=am_standard_normal runTime=0.261664 ms

df_1D Global: size=4096 access_num_per_thread=4 block_size=512 data_content=dc_random access_mode=am_standard_normal runTime=0.242816 ms

df_1D Global: size=4096 access_num_per_thread=6 block_size=512 data_content=dc_random access_mode=am_standard_normal runTime=0.2568 ms

df_1D Global: size=4096 access_num_per_thread=8 block_size=512 data_content=dc_random access_mode=am_standard_normal runTime=0.279328 ms

df_1D Global: size=4096 access_num_per_thread=12 block_size=512 data_content=dc_random access_mode=am_standard_normal runTime=0.311968 ms

df_1D Global: size=4096 access_num_per_thread=16 block_size=512 data_content=dc_random access_mode=am_standard_normal runTime=0.32096 ms

df_1D Global: size=4096 access_num_per_thread=24 block_size=512 data_content=dc_random access_mode=am_standard_normal runTime=0.368128 ms

df_1D Global: size=4096 access_num_per_thread=1 block_size=1024 data_content=dc_random access_mode=am_standard_normal runTime=0.235008 ms

df_1D Global: size=4096 access_num_per_thread=2 block_size=1024 data_content=dc_random access_mode=am_standard_normal runTime=0.24848 ms

df_1D Global: size=4096 access_num_per_thread=4 block_size=1024 data_content=dc_random access_mode=am_standard_normal runTime=0.242496 ms

df_1D Global: size=4096 access_num_per_thread=6 block_size=1024 data_content=dc_random access_mode=am_standard_normal runTime=0.24912 ms

df_1D Global: size=4096 access_num_per_thread=8 block_size=1024 data_content=dc_random access_mode=am_standard_normal runTime=0.270752 ms

df_1D Global: size=4096 access_num_per_thread=12 block_size=1024 data_content=dc_random access_mode=am_standard_normal runTime=0.330272 ms

df_1D Global: size=4096 access_num_per_thread=16 block_size=1024 data_content=dc_random access_mode=am_standard_normal runTime=0.28416 ms

df_1D Global: size=4096 access_num_per_thread=24 block_size=1024 data_content=dc_random access_mode=am_standard_normal runTime=0.321792 ms

df_1D Global: size=10240 access_num_per_thread=1 block_size=128 data_content=dc_random access_mode=am_random runTime=0.283104 ms

df_1D Global: size=10240 access_num_per_thread=2 block_size=128 data_content=dc_random access_mode=am_random runTime=0.251232 ms

df_1D Global: size=10240 access_num_per_thread=4 block_size=128 data_content=dc_random access_mode=am_random runTime=0.277312 ms

df_1D Global: size=10240 access_num_per_thread=6 block_size=128 data_content=dc_random access_mode=am_random runTime=0.306496 ms

df_1D Global: size=10240 access_num_per_thread=8 block_size=128 data_content=dc_random access_mode=am_random runTime=0.333664 ms

df_1D Global: size=10240 access_num_per_thread=12 block_size=128 data_content=dc_random access_mode=am_random runTime=0.409504 ms

df_1D Global: size=10240 access_num_per_thread=16 block_size=128 data_content=dc_random access_mode=am_random runTime=0.453184 ms

df_1D Global: size=10240 access_num_per_thread=24 block_size=128 data_content=dc_random access_mode=am_random runTime=0.54496 ms

df_1D Global: size=10240 access_num_per_thread=1 block_size=256 data_content=dc_random access_mode=am_random runTime=0.258144 ms

df_1D Global: size=10240 access_num_per_thread=2 block_size=256 data_content=dc_random access_mode=am_random runTime=0.266912 ms

df_1D Global: size=10240 access_num_per_thread=4 block_size=256 data_content=dc_random access_mode=am_random runTime=0.293024 ms

df_1D Global: size=10240 access_num_per_thread=6 block_size=256 data_content=dc_random access_mode=am_random runTime=0.306656 ms

df_1D Global: size=10240 access_num_per_thread=8 block_size=256 data_content=dc_random access_mode=am_random runTime=0.345824 ms

df_1D Global: size=10240 access_num_per_thread=12 block_size=256 data_content=dc_random access_mode=am_random runTime=0.416576 ms

df_1D Global: size=10240 access_num_per_thread=16 block_size=256 data_content=dc_random access_mode=am_random runTime=0.445504 ms

df_1D Global: size=10240 access_num_per_thread=24 block_size=256 data_content=dc_random access_mode=am_random runTime=0.564192 ms

df_1D Global: size=10240 access_num_per_thread=1 block_size=512 data_content=dc_random access_mode=am_random runTime=0.244192 ms

df_1D Global: size=10240 access_num_per_thread=2 block_size=512 data_content=dc_random access_mode=am_random runTime=0.25328 ms

df_1D Global: size=10240 access_num_per_thread=4 block_size=512 data_content=dc_random access_mode=am_random runTime=0.286528 ms

df_1D Global: size=10240 access_num_per_thread=6 block_size=512 data_content=dc_random access_mode=am_random runTime=0.310496 ms

df_1D Global: size=10240 access_num_per_thread=8 block_size=512 data_content=dc_random access_mode=am_random runTime=0.355616 ms

df_1D Global: size=10240 access_num_per_thread=12 block_size=512 data_content=dc_random access_mode=am_random runTime=0.384352 ms

df_1D Global: size=10240 access_num_per_thread=16 block_size=512 data_content=dc_random access_mode=am_random runTime=0.43632 ms

df_1D Global: size=10240 access_num_per_thread=24 block_size=512 data_content=dc_random access_mode=am_random runTime=0.545824 ms

df_1D Global: size=10240 access_num_per_thread=1 block_size=1024 data_content=dc_random access_mode=am_random runTime=0.244256 ms

df_1D Global: size=10240 access_num_per_thread=2 block_size=1024 data_content=dc_random access_mode=am_random runTime=0.253536 ms

df_1D Global: size=10240 access_num_per_thread=4 block_size=1024 data_content=dc_random access_mode=am_random runTime=0.279552 ms

df_1D Global: size=10240 access_num_per_thread=6 block_size=1024 data_content=dc_random access_mode=am_random runTime=0.308448 ms

df_1D Global: size=10240 access_num_per_thread=8 block_size=1024 data_content=dc_random access_mode=am_random runTime=0.360384 ms

df_1D Global: size=10240 access_num_per_thread=12 block_size=1024 data_content=dc_random access_mode=am_random runTime=0.385344 ms

df_1D Global: size=10240 access_num_per_thread=16 block_size=1024 data_content=dc_random access_mode=am_random runTime=0.440992 ms

df_1D Global: size=10240 access_num_per_thread=24 block_size=1024 data_content=dc_random access_mode=am_random runTime=0.550496 ms

df_1D Global: size=10240 access_num_per_thread=1 block_size=128 data_content=dc_random access_mode=am_standard_normal runTime=0.257344 ms

df_1D Global: size=10240 access_num_per_thread=2 block_size=128 data_content=dc_random access_mode=am_standard_normal runTime=0.279936 ms

df_1D Global: size=10240 access_num_per_thread=4 block_size=128 data_content=dc_random access_mode=am_standard_normal runTime=0.30272 ms

df_1D Global: size=10240 access_num_per_thread=6 block_size=128 data_content=dc_random access_mode=am_standard_normal runTime=0.334848 ms

df_1D Global: size=10240 access_num_per_thread=8 block_size=128 data_content=dc_random access_mode=am_standard_normal runTime=0.354752 ms

df_1D Global: size=10240 access_num_per_thread=12 block_size=128 data_content=dc_random access_mode=am_standard_normal runTime=0.446528 ms

df_1D Global: size=10240 access_num_per_thread=16 block_size=128 data_content=dc_random access_mode=am_standard_normal runTime=0.558272 ms

df_1D Global: size=10240 access_num_per_thread=24 block_size=128 data_content=dc_random access_mode=am_standard_normal runTime=0.62816 ms

df_1D Global: size=10240 access_num_per_thread=1 block_size=256 data_content=dc_random access_mode=am_standard_normal runTime=0.25264 ms

df_1D Global: size=10240 access_num_per_thread=2 block_size=256 data_content=dc_random access_mode=am_standard_normal runTime=0.268416 ms

df_1D Global: size=10240 access_num_per_thread=4 block_size=256 data_content=dc_random access_mode=am_standard_normal runTime=0.29824 ms

df_1D Global: size=10240 access_num_per_thread=6 block_size=256 data_content=dc_random access_mode=am_standard_normal runTime=0.327552 ms

df_1D Global: size=10240 access_num_per_thread=8 block_size=256 data_content=dc_random access_mode=am_standard_normal runTime=0.355488 ms

df_1D Global: size=10240 access_num_per_thread=12 block_size=256 data_content=dc_random access_mode=am_standard_normal runTime=0.44672 ms

df_1D Global: size=10240 access_num_per_thread=16 block_size=256 data_content=dc_random access_mode=am_standard_normal runTime=0.478688 ms

df_1D Global: size=10240 access_num_per_thread=24 block_size=256 data_content=dc_random access_mode=am_standard_normal runTime=0.649408 ms

df_1D Global: size=10240 access_num_per_thread=1 block_size=512 data_content=dc_random access_mode=am_standard_normal runTime=0.261024 ms

df_1D Global: size=10240 access_num_per_thread=2 block_size=512 data_content=dc_random access_mode=am_standard_normal runTime=0.265344 ms

df_1D Global: size=10240 access_num_per_thread=4 block_size=512 data_content=dc_random access_mode=am_standard_normal runTime=0.296352 ms

df_1D Global: size=10240 access_num_per_thread=6 block_size=512 data_content=dc_random access_mode=am_standard_normal runTime=0.3464 ms

df_1D Global: size=10240 access_num_per_thread=8 block_size=512 data_content=dc_random access_mode=am_standard_normal runTime=0.373568 ms

df_1D Global: size=10240 access_num_per_thread=12 block_size=512 data_content=dc_random access_mode=am_standard_normal runTime=0.433824 ms

df_1D Global: size=10240 access_num_per_thread=16 block_size=512 data_content=dc_random access_mode=am_standard_normal runTime=0.507808 ms

df_1D Global: size=10240 access_num_per_thread=24 block_size=512 data_content=dc_random access_mode=am_standard_normal runTime=0.633664 ms

df_1D Global: size=10240 access_num_per_thread=1 block_size=1024 data_content=dc_random access_mode=am_standard_normal runTime=0.253344 ms

df_1D Global: size=10240 access_num_per_thread=2 block_size=1024 data_content=dc_random access_mode=am_standard_normal runTime=0.265248 ms

df_1D Global: size=10240 access_num_per_thread=4 block_size=1024 data_content=dc_random access_mode=am_standard_normal runTime=0.306784 ms

df_1D Global: size=10240 access_num_per_thread=6 block_size=1024 data_content=dc_random access_mode=am_standard_normal runTime=0.309728 ms

df_1D Global: size=10240 access_num_per_thread=8 block_size=1024 data_content=dc_random access_mode=am_standard_normal runTime=0.327776 ms

df_1D Global: size=10240 access_num_per_thread=12 block_size=1024 data_content=dc_random access_mode=am_standard_normal runTime=0.502016 ms

df_1D Global: size=10240 access_num_per_thread=16 block_size=1024 data_content=dc_random access_mode=am_standard_normal runTime=0.465888 ms

df_1D Global: size=10240 access_num_per_thread=24 block_size=1024 data_content=dc_random access_mode=am_standard_normal runTime=0.668704 ms

df_1D Global: size=40960 access_num_per_thread=1 block_size=128 data_content=dc_random access_mode=am_random runTime=0.337664 ms

df_1D Global: size=40960 access_num_per_thread=2 block_size=128 data_content=dc_random access_mode=am_random runTime=0.388416 ms

df_1D Global: size=40960 access_num_per_thread=4 block_size=128 data_content=dc_random access_mode=am_random runTime=0.48016 ms

df_1D Global: size=40960 access_num_per_thread=6 block_size=128 data_content=dc_random access_mode=am_random runTime=0.572416 ms

df_1D Global: size=40960 access_num_per_thread=8 block_size=128 data_content=dc_random access_mode=am_random runTime=0.67552 ms

df_1D Global: size=40960 access_num_per_thread=12 block_size=128 data_content=dc_random access_mode=am_random runTime=0.865632 ms

df_1D Global: size=40960 access_num_per_thread=16 block_size=128 data_content=dc_random access_mode=am_random runTime=1.10013 ms

df_1D Global: size=40960 access_num_per_thread=24 block_size=128 data_content=dc_random access_mode=am_random runTime=1.43955 ms

df_1D Global: size=40960 access_num_per_thread=1 block_size=256 data_content=dc_random access_mode=am_random runTime=0.337024 ms

df_1D Global: size=40960 access_num_per_thread=2 block_size=256 data_content=dc_random access_mode=am_random runTime=0.383136 ms

df_1D Global: size=40960 access_num_per_thread=4 block_size=256 data_content=dc_random access_mode=am_random runTime=0.48112 ms

df_1D Global: size=40960 access_num_per_thread=6 block_size=256 data_content=dc_random access_mode=am_random runTime=0.574752 ms

df_1D Global: size=40960 access_num_per_thread=8 block_size=256 data_content=dc_random access_mode=am_random runTime=0.66784 ms

df_1D Global: size=40960 access_num_per_thread=12 block_size=256 data_content=dc_random access_mode=am_random runTime=0.861024 ms

df_1D Global: size=40960 access_num_per_thread=16 block_size=256 data_content=dc_random access_mode=am_random runTime=1.05603 ms

df_1D Global: size=40960 access_num_per_thread=24 block_size=256 data_content=dc_random access_mode=am_random runTime=1.45942 ms

df_1D Global: size=40960 access_num_per_thread=1 block_size=512 data_content=dc_random access_mode=am_random runTime=0.355552 ms

df_1D Global: size=40960 access_num_per_thread=2 block_size=512 data_content=dc_random access_mode=am_random runTime=0.38544 ms

df_1D Global: size=40960 access_num_per_thread=4 block_size=512 data_content=dc_random access_mode=am_random runTime=0.482496 ms

df_1D Global: size=40960 access_num_per_thread=6 block_size=512 data_content=dc_random access_mode=am_random runTime=0.571936 ms

df_1D Global: size=40960 access_num_per_thread=8 block_size=512 data_content=dc_random access_mode=am_random runTime=0.668896 ms

df_1D Global: size=40960 access_num_per_thread=12 block_size=512 data_content=dc_random access_mode=am_random runTime=0.860256 ms

df_1D Global: size=40960 access_num_per_thread=16 block_size=512 data_content=dc_random access_mode=am_random runTime=1.06093 ms

df_1D Global: size=40960 access_num_per_thread=24 block_size=512 data_content=dc_random access_mode=am_random runTime=1.42541 ms

df_1D Global: size=40960 access_num_per_thread=1 block_size=1024 data_content=dc_random access_mode=am_random runTime=0.331296 ms

df_1D Global: size=40960 access_num_per_thread=2 block_size=1024 data_content=dc_random access_mode=am_random runTime=0.3832 ms

df_1D Global: size=40960 access_num_per_thread=4 block_size=1024 data_content=dc_random access_mode=am_random runTime=0.475968 ms

df_1D Global: size=40960 access_num_per_thread=6 block_size=1024 data_content=dc_random access_mode=am_random runTime=0.569568 ms

df_1D Global: size=40960 access_num_per_thread=8 block_size=1024 data_content=dc_random access_mode=am_random runTime=0.666304 ms

df_1D Global: size=40960 access_num_per_thread=12 block_size=1024 data_content=dc_random access_mode=am_random runTime=0.86256 ms

df_1D Global: size=40960 access_num_per_thread=16 block_size=1024 data_content=dc_random access_mode=am_random runTime=1.06838 ms

df_1D Global: size=40960 access_num_per_thread=24 block_size=1024 data_content=dc_random access_mode=am_random runTime=1.43677 ms

df_1D Global: size=40960 access_num_per_thread=1 block_size=128 data_content=dc_random access_mode=am_standard_normal runTime=0.375392 ms

df_1D Global: size=40960 access_num_per_thread=2 block_size=128 data_content=dc_random access_mode=am_standard_normal runTime=0.4352 ms

df_1D Global: size=40960 access_num_per_thread=4 block_size=128 data_content=dc_random access_mode=am_standard_normal runTime=0.613664 ms

df_1D Global: size=40960 access_num_per_thread=6 block_size=128 data_content=dc_random access_mode=am_standard_normal runTime=0.693248 ms

df_1D Global: size=40960 access_num_per_thread=8 block_size=128 data_content=dc_random access_mode=am_standard_normal runTime=0.819712 ms

df_1D Global: size=40960 access_num_per_thread=12 block_size=128 data_content=dc_random access_mode=am_standard_normal runTime=1.07021 ms

df_1D Global: size=40960 access_num_per_thread=16 block_size=128 data_content=dc_random access_mode=am_standard_normal runTime=1.33478 ms

df_1D Global: size=40960 access_num_per_thread=24 block_size=128 data_content=dc_random access_mode=am_standard_normal runTime=1.84189 ms

df_1D Global: size=40960 access_num_per_thread=1 block_size=256 data_content=dc_random access_mode=am_standard_normal runTime=0.385728 ms

df_1D Global: size=40960 access_num_per_thread=2 block_size=256 data_content=dc_random access_mode=am_standard_normal runTime=0.481856 ms

df_1D Global: size=40960 access_num_per_thread=4 block_size=256 data_content=dc_random access_mode=am_standard_normal runTime=0.582048 ms

df_1D Global: size=40960 access_num_per_thread=6 block_size=256 data_content=dc_random access_mode=am_standard_normal runTime=0.697952 ms

df_1D Global: size=40960 access_num_per_thread=8 block_size=256 data_content=dc_random access_mode=am_standard_normal runTime=0.829888 ms

df_1D Global: size=40960 access_num_per_thread=12 block_size=256 data_content=dc_random access_mode=am_standard_normal runTime=1.07933 ms

df_1D Global: size=40960 access_num_per_thread=16 block_size=256 data_content=dc_random access_mode=am_standard_normal runTime=1.3359 ms

df_1D Global: size=40960 access_num_per_thread=24 block_size=256 data_content=dc_random access_mode=am_standard_normal runTime=1.83219 ms

df_1D Global: size=40960 access_num_per_thread=1 block_size=512 data_content=dc_random access_mode=am_standard_normal runTime=0.375136 ms

df_1D Global: size=40960 access_num_per_thread=2 block_size=512 data_content=dc_random access_mode=am_standard_normal runTime=0.446112 ms

df_1D Global: size=40960 access_num_per_thread=4 block_size=512 data_content=dc_random access_mode=am_standard_normal runTime=0.567904 ms

df_1D Global: size=40960 access_num_per_thread=6 block_size=512 data_content=dc_random access_mode=am_standard_normal runTime=0.698176 ms

df_1D Global: size=40960 access_num_per_thread=8 block_size=512 data_content=dc_random access_mode=am_standard_normal runTime=0.828544 ms

df_1D Global: size=40960 access_num_per_thread=12 block_size=512 data_content=dc_random access_mode=am_standard_normal runTime=1.08675 ms

df_1D Global: size=40960 access_num_per_thread=16 block_size=512 data_content=dc_random access_mode=am_standard_normal runTime=1.33168 ms

df_1D Global: size=40960 access_num_per_thread=24 block_size=512 data_content=dc_random access_mode=am_standard_normal runTime=1.83392 ms

df_1D Global: size=40960 access_num_per_thread=1 block_size=1024 data_content=dc_random access_mode=am_standard_normal runTime=0.38352 ms

df_1D Global: size=40960 access_num_per_thread=2 block_size=1024 data_content=dc_random access_mode=am_standard_normal runTime=0.446976 ms

df_1D Global: size=40960 access_num_per_thread=4 block_size=1024 data_content=dc_random access_mode=am_standard_normal runTime=0.57184 ms

df_1D Global: size=40960 access_num_per_thread=6 block_size=1024 data_content=dc_random access_mode=am_standard_normal runTime=0.695872 ms

df_1D Global: size=40960 access_num_per_thread=8 block_size=1024 data_content=dc_random access_mode=am_standard_normal runTime=0.818528 ms

df_1D Global: size=40960 access_num_per_thread=12 block_size=1024 data_content=dc_random access_mode=am_standard_normal runTime=1.09386 ms

df_1D Global: size=40960 access_num_per_thread=16 block_size=1024 data_content=dc_random access_mode=am_standard_normal runTime=1.31766 ms

df_1D Global: size=40960 access_num_per_thread=24 block_size=1024 data_content=dc_random access_mode=am_standard_normal runTime=1.85635 ms

df_1D Shared: size=1024 access_num_per_thread=1 block_size=128 data_content=dc_random access_mode=am_random runTime=0.226336 ms

df_1D Shared: size=1024 access_num_per_thread=2 block_size=128 data_content=dc_random access_mode=am_random runTime=0.239712 ms

df_1D Shared: size=1024 access_num_per_thread=4 block_size=128 data_content=dc_random access_mode=am_random runTime=0.232288 ms

df_1D Shared: size=1024 access_num_per_thread=6 block_size=128 data_content=dc_random access_mode=am_random runTime=0.237792 ms

df_1D Shared: size=1024 access_num_per_thread=8 block_size=128 data_content=dc_random access_mode=am_random runTime=0.240576 ms

df_1D Shared: size=1024 access_num_per_thread=12 block_size=128 data_content=dc_random access_mode=am_random runTime=0.259552 ms

df_1D Shared: size=1024 access_num_per_thread=16 block_size=128 data_content=dc_random access_mode=am_random runTime=0.263232 ms

df_1D Shared: size=1024 access_num_per_thread=24 block_size=128 data_content=dc_random access_mode=am_random runTime=0.30944 ms

df_1D Shared: size=1024 access_num_per_thread=1 block_size=256 data_content=dc_random access_mode=am_random runTime=0.223488 ms

df_1D Shared: size=1024 access_num_per_thread=2 block_size=256 data_content=dc_random access_mode=am_random runTime=0.225856 ms

df_1D Shared: size=1024 access_num_per_thread=4 block_size=256 data_content=dc_random access_mode=am_random runTime=0.22928 ms

df_1D Shared: size=1024 access_num_per_thread=6 block_size=256 data_content=dc_random access_mode=am_random runTime=0.235328 ms

df_1D Shared: size=1024 access_num_per_thread=8 block_size=256 data_content=dc_random access_mode=am_random runTime=0.23824 ms

df_1D Shared: size=1024 access_num_per_thread=12 block_size=256 data_content=dc_random access_mode=am_random runTime=0.2728 ms

df_1D Shared: size=1024 access_num_per_thread=16 block_size=256 data_content=dc_random access_mode=am_random runTime=0.253856 ms

df_1D Shared: size=1024 access_num_per_thread=24 block_size=256 data_content=dc_random access_mode=am_random runTime=0.271232 ms

df_1D Shared: size=1024 access_num_per_thread=1 block_size=512 data_content=dc_random access_mode=am_random runTime=0.228096 ms

df_1D Shared: size=1024 access_num_per_thread=2 block_size=512 data_content=dc_random access_mode=am_random runTime=0.227168 ms

df_1D Shared: size=1024 access_num_per_thread=4 block_size=512 data_content=dc_random access_mode=am_random runTime=0.229152 ms

df_1D Shared: size=1024 access_num_per_thread=6 block_size=512 data_content=dc_random access_mode=am_random runTime=0.276352 ms

df_1D Shared: size=1024 access_num_per_thread=8 block_size=512 data_content=dc_random access_mode=am_random runTime=0.235808 ms

df_1D Shared: size=1024 access_num_per_thread=12 block_size=512 data_content=dc_random access_mode=am_random runTime=0.25952 ms

df_1D Shared: size=1024 access_num_per_thread=16 block_size=512 data_content=dc_random access_mode=am_random runTime=0.257056 ms

df_1D Shared: size=1024 access_num_per_thread=24 block_size=512 data_content=dc_random access_mode=am_random runTime=0.27344 ms

df_1D Shared: size=1024 access_num_per_thread=1 block_size=1024 data_content=dc_random access_mode=am_random runTime=0.223232 ms

df_1D Shared: size=1024 access_num_per_thread=2 block_size=1024 data_content=dc_random access_mode=am_random runTime=0.237824 ms

df_1D Shared: size=1024 access_num_per_thread=4 block_size=1024 data_content=dc_random access_mode=am_random runTime=0.232576 ms

df_1D Shared: size=1024 access_num_per_thread=6 block_size=1024 data_content=dc_random access_mode=am_random runTime=0.235968 ms

df_1D Shared: size=1024 access_num_per_thread=8 block_size=1024 data_content=dc_random access_mode=am_random runTime=0.270816 ms

df_1D Shared: size=1024 access_num_per_thread=12 block_size=1024 data_content=dc_random access_mode=am_random runTime=0.2568 ms

df_1D Shared: size=1024 access_num_per_thread=16 block_size=1024 data_content=dc_random access_mode=am_random runTime=0.275712 ms

df_1D Shared: size=1024 access_num_per_thread=24 block_size=1024 data_content=dc_random access_mode=am_random runTime=0.286336 ms

df_1D Shared: size=1024 access_num_per_thread=1 block_size=128 data_content=dc_random access_mode=am_standard_normal runTime=0.243872 ms

df_1D Shared: size=1024 access_num_per_thread=2 block_size=128 data_content=dc_random access_mode=am_standard_normal runTime=0.243232 ms

df_1D Shared: size=1024 access_num_per_thread=4 block_size=128 data_content=dc_random access_mode=am_standard_normal runTime=0.237344 ms

df_1D Shared: size=1024 access_num_per_thread=6 block_size=128 data_content=dc_random access_mode=am_standard_normal runTime=0.25936 ms

df_1D Shared: size=1024 access_num_per_thread=8 block_size=128 data_content=dc_random access_mode=am_standard_normal runTime=0.24256 ms

df_1D Shared: size=1024 access_num_per_thread=12 block_size=128 data_content=dc_random access_mode=am_standard_normal runTime=0.253024 ms

df_1D Shared: size=1024 access_num_per_thread=16 block_size=128 data_content=dc_random access_mode=am_standard_normal runTime=0.266336 ms

df_1D Shared: size=1024 access_num_per_thread=24 block_size=128 data_content=dc_random access_mode=am_standard_normal runTime=0.2808 ms

df_1D Shared: size=1024 access_num_per_thread=1 block_size=256 data_content=dc_random access_mode=am_standard_normal runTime=0.22736 ms

df_1D Shared: size=1024 access_num_per_thread=2 block_size=256 data_content=dc_random access_mode=am_standard_normal runTime=0.23984 ms

df_1D Shared: size=1024 access_num_per_thread=4 block_size=256 data_content=dc_random access_mode=am_standard_normal runTime=0.245248 ms

df_1D Shared: size=1024 access_num_per_thread=6 block_size=256 data_content=dc_random access_mode=am_standard_normal runTime=0.248928 ms

df_1D Shared: size=1024 access_num_per_thread=8 block_size=256 data_content=dc_random access_mode=am_standard_normal runTime=0.248704 ms

df_1D Shared: size=1024 access_num_per_thread=12 block_size=256 data_content=dc_random access_mode=am_standard_normal runTime=0.25024 ms

df_1D Shared: size=1024 access_num_per_thread=16 block_size=256 data_content=dc_random access_mode=am_standard_normal runTime=0.26128 ms

df_1D Shared: size=1024 access_num_per_thread=24 block_size=256 data_content=dc_random access_mode=am_standard_normal runTime=0.287584 ms

df_1D Shared: size=1024 access_num_per_thread=1 block_size=512 data_content=dc_random access_mode=am_standard_normal runTime=0.229568 ms

df_1D Shared: size=1024 access_num_per_thread=2 block_size=512 data_content=dc_random access_mode=am_standard_normal runTime=0.22976 ms

df_1D Shared: size=1024 access_num_per_thread=4 block_size=512 data_content=dc_random access_mode=am_standard_normal runTime=0.261472 ms

df_1D Shared: size=1024 access_num_per_thread=6 block_size=512 data_content=dc_random access_mode=am_standard_normal runTime=0.23584 ms

df_1D Shared: size=1024 access_num_per_thread=8 block_size=512 data_content=dc_random access_mode=am_standard_normal runTime=0.246432 ms

df_1D Shared: size=1024 access_num_per_thread=12 block_size=512 data_content=dc_random access_mode=am_standard_normal runTime=0.262656 ms

df_1D Shared: size=1024 access_num_per_thread=16 block_size=512 data_content=dc_random access_mode=am_standard_normal runTime=0.274848 ms

df_1D Shared: size=1024 access_num_per_thread=24 block_size=512 data_content=dc_random access_mode=am_standard_normal runTime=0.27568 ms

df_1D Shared: size=1024 access_num_per_thread=1 block_size=1024 data_content=dc_random access_mode=am_standard_normal runTime=0.235648 ms

df_1D Shared: size=1024 access_num_per_thread=2 block_size=1024 data_content=dc_random access_mode=am_standard_normal runTime=0.229504 ms

df_1D Shared: size=1024 access_num_per_thread=4 block_size=1024 data_content=dc_random access_mode=am_standard_normal runTime=0.232448 ms

df_1D Shared: size=1024 access_num_per_thread=6 block_size=1024 data_content=dc_random access_mode=am_standard_normal runTime=0.254048 ms

df_1D Shared: size=1024 access_num_per_thread=8 block_size=1024 data_content=dc_random access_mode=am_standard_normal runTime=0.244256 ms

df_1D Shared: size=1024 access_num_per_thread=12 block_size=1024 data_content=dc_random access_mode=am_standard_normal runTime=0.254528 ms

df_1D Shared: size=1024 access_num_per_thread=16 block_size=1024 data_content=dc_random access_mode=am_standard_normal runTime=0.265344 ms

df_1D Shared: size=1024 access_num_per_thread=24 block_size=1024 data_content=dc_random access_mode=am_standard_normal runTime=0.291936 ms

df_1D Shared: size=4096 access_num_per_thread=1 block_size=128 data_content=dc_random access_mode=am_random runTime=0.25856 ms

df_1D Shared: size=4096 access_num_per_thread=2 block_size=128 data_content=dc_random access_mode=am_random runTime=0.29232 ms

df_1D Shared: size=4096 access_num_per_thread=4 block_size=128 data_content=dc_random access_mode=am_random runTime=0.262464 ms

df_1D Shared: size=4096 access_num_per_thread=6 block_size=128 data_content=dc_random access_mode=am_random runTime=0.280512 ms

df_1D Shared: size=4096 access_num_per_thread=8 block_size=128 data_content=dc_random access_mode=am_random runTime=0.282784 ms

df_1D Shared: size=4096 access_num_per_thread=12 block_size=128 data_content=dc_random access_mode=am_random runTime=0.276224 ms

df_1D Shared: size=4096 access_num_per_thread=16 block_size=128 data_content=dc_random access_mode=am_random runTime=0.285952 ms

df_1D Shared: size=4096 access_num_per_thread=24 block_size=128 data_content=dc_random access_mode=am_random runTime=0.316416 ms

df_1D Shared: size=4096 access_num_per_thread=1 block_size=256 data_content=dc_random access_mode=am_random runTime=0.235424 ms

df_1D Shared: size=4096 access_num_per_thread=2 block_size=256 data_content=dc_random access_mode=am_random runTime=0.23952 ms

df_1D Shared: size=4096 access_num_per_thread=4 block_size=256 data_content=dc_random access_mode=am_random runTime=0.242208 ms

df_1D Shared: size=4096 access_num_per_thread=6 block_size=256 data_content=dc_random access_mode=am_random runTime=0.249792 ms

df_1D Shared: size=4096 access_num_per_thread=8 block_size=256 data_content=dc_random access_mode=am_random runTime=0.250752 ms

df_1D Shared: size=4096 access_num_per_thread=12 block_size=256 data_content=dc_random access_mode=am_random runTime=0.269824 ms

df_1D Shared: size=4096 access_num_per_thread=16 block_size=256 data_content=dc_random access_mode=am_random runTime=0.278368 ms

df_1D Shared: size=4096 access_num_per_thread=24 block_size=256 data_content=dc_random access_mode=am_random runTime=0.304 ms

df_1D Shared: size=4096 access_num_per_thread=1 block_size=512 data_content=dc_random access_mode=am_random runTime=0.231968 ms

df_1D Shared: size=4096 access_num_per_thread=2 block_size=512 data_content=dc_random access_mode=am_random runTime=0.245664 ms

df_1D Shared: size=4096 access_num_per_thread=4 block_size=512 data_content=dc_random access_mode=am_random runTime=0.235456 ms

df_1D Shared: size=4096 access_num_per_thread=6 block_size=512 data_content=dc_random access_mode=am_random runTime=0.250144 ms

df_1D Shared: size=4096 access_num_per_thread=8 block_size=512 data_content=dc_random access_mode=am_random runTime=0.255296 ms

df_1D Shared: size=4096 access_num_per_thread=12 block_size=512 data_content=dc_random access_mode=am_random runTime=0.253568 ms

df_1D Shared: size=4096 access_num_per_thread=16 block_size=512 data_content=dc_random access_mode=am_random runTime=0.265536 ms

df_1D Shared: size=4096 access_num_per_thread=24 block_size=512 data_content=dc_random access_mode=am_random runTime=0.284416 ms

df_1D Shared: size=4096 access_num_per_thread=1 block_size=1024 data_content=dc_random access_mode=am_random runTime=0.224768 ms

df_1D Shared: size=4096 access_num_per_thread=2 block_size=1024 data_content=dc_random access_mode=am_random runTime=0.239872 ms

df_1D Shared: size=4096 access_num_per_thread=4 block_size=1024 data_content=dc_random access_mode=am_random runTime=0.268928 ms

df_1D Shared: size=4096 access_num_per_thread=6 block_size=1024 data_content=dc_random access_mode=am_random runTime=0.254048 ms

df_1D Shared: size=4096 access_num_per_thread=8 block_size=1024 data_content=dc_random access_mode=am_random runTime=0.248352 ms

df_1D Shared: size=4096 access_num_per_thread=12 block_size=1024 data_content=dc_random access_mode=am_random runTime=0.259648 ms

df_1D Shared: size=4096 access_num_per_thread=16 block_size=1024 data_content=dc_random access_mode=am_random runTime=0.269568 ms

df_1D Shared: size=4096 access_num_per_thread=24 block_size=1024 data_content=dc_random access_mode=am_random runTime=0.306528 ms

df_1D Shared: size=4096 access_num_per_thread=1 block_size=128 data_content=dc_random access_mode=am_standard_normal runTime=0.262528 ms

df_1D Shared: size=4096 access_num_per_thread=2 block_size=128 data_content=dc_random access_mode=am_standard_normal runTime=0.263616 ms

df_1D Shared: size=4096 access_num_per_thread=4 block_size=128 data_content=dc_random access_mode=am_standard_normal runTime=0.26816 ms

df_1D Shared: size=4096 access_num_per_thread=6 block_size=128 data_content=dc_random access_mode=am_standard_normal runTime=0.284256 ms

df_1D Shared: size=4096 access_num_per_thread=8 block_size=128 data_content=dc_random access_mode=am_standard_normal runTime=0.280736 ms

df_1D Shared: size=4096 access_num_per_thread=12 block_size=128 data_content=dc_random access_mode=am_standard_normal runTime=0.302624 ms

df_1D Shared: size=4096 access_num_per_thread=16 block_size=128 data_content=dc_random access_mode=am_standard_normal runTime=0.29792 ms

df_1D Shared: size=4096 access_num_per_thread=24 block_size=128 data_content=dc_random access_mode=am_standard_normal runTime=0.321376 ms

df_1D Shared: size=4096 access_num_per_thread=1 block_size=256 data_content=dc_random access_mode=am_standard_normal runTime=0.249216 ms

df_1D Shared: size=4096 access_num_per_thread=2 block_size=256 data_content=dc_random access_mode=am_standard_normal runTime=0.25168 ms

df_1D Shared: size=4096 access_num_per_thread=4 block_size=256 data_content=dc_random access_mode=am_standard_normal runTime=0.252864 ms

df_1D Shared: size=4096 access_num_per_thread=6 block_size=256 data_content=dc_random access_mode=am_standard_normal runTime=0.273024 ms

df_1D Shared: size=4096 access_num_per_thread=8 block_size=256 data_content=dc_random access_mode=am_standard_normal runTime=0.265088 ms

df_1D Shared: size=4096 access_num_per_thread=12 block_size=256 data_content=dc_random access_mode=am_standard_normal runTime=0.279808 ms

df_1D Shared: size=4096 access_num_per_thread=16 block_size=256 data_content=dc_random access_mode=am_standard_normal runTime=0.285056 ms

df_1D Shared: size=4096 access_num_per_thread=24 block_size=256 data_content=dc_random access_mode=am_standard_normal runTime=0.298592 ms

df_1D Shared: size=4096 access_num_per_thread=1 block_size=512 data_content=dc_random access_mode=am_standard_normal runTime=0.239968 ms

df_1D Shared: size=4096 access_num_per_thread=2 block_size=512 data_content=dc_random access_mode=am_standard_normal runTime=0.253312 ms

df_1D Shared: size=4096 access_num_per_thread=4 block_size=512 data_content=dc_random access_mode=am_standard_normal runTime=0.249536 ms

df_1D Shared: size=4096 access_num_per_thread=6 block_size=512 data_content=dc_random access_mode=am_standard_normal runTime=0.25344 ms

df_1D Shared: size=4096 access_num_per_thread=8 block_size=512 data_content=dc_random access_mode=am_standard_normal runTime=0.259584 ms

df_1D Shared: size=4096 access_num_per_thread=12 block_size=512 data_content=dc_random access_mode=am_standard_normal runTime=0.262688 ms

df_1D Shared: size=4096 access_num_per_thread=16 block_size=512 data_content=dc_random access_mode=am_standard_normal runTime=0.274784 ms

df_1D Shared: size=4096 access_num_per_thread=24 block_size=512 data_content=dc_random access_mode=am_standard_normal runTime=0.291328 ms

df_1D Shared: size=4096 access_num_per_thread=1 block_size=1024 data_content=dc_random access_mode=am_standard_normal runTime=0.251904 ms

df_1D Shared: size=4096 access_num_per_thread=2 block_size=1024 data_content=dc_random access_mode=am_standard_normal runTime=0.2384 ms

df_1D Shared: size=4096 access_num_per_thread=4 block_size=1024 data_content=dc_random access_mode=am_standard_normal runTime=0.254272 ms

df_1D Shared: size=4096 access_num_per_thread=6 block_size=1024 data_content=dc_random access_mode=am_standard_normal runTime=0.260992 ms

df_1D Shared: size=4096 access_num_per_thread=8 block_size=1024 data_content=dc_random access_mode=am_standard_normal runTime=0.256512 ms

df_1D Shared: size=4096 access_num_per_thread=12 block_size=1024 data_content=dc_random access_mode=am_standard_normal runTime=0.264512 ms

df_1D Shared: size=4096 access_num_per_thread=16 block_size=1024 data_content=dc_random access_mode=am_standard_normal runTime=0.276832 ms

df_1D Shared: size=4096 access_num_per_thread=24 block_size=1024 data_content=dc_random access_mode=am_standard_normal runTime=0.308832 ms

df_1D Shared: size=10240 access_num_per_thread=1 block_size=128 data_content=dc_random access_mode=am_random runTime=0.332608 ms

df_1D Shared: size=10240 access_num_per_thread=2 block_size=128 data_content=dc_random access_mode=am_random runTime=0.345472 ms

df_1D Shared: size=10240 access_num_per_thread=4 block_size=128 data_content=dc_random access_mode=am_random runTime=0.356576 ms

df_1D Shared: size=10240 access_num_per_thread=6 block_size=128 data_content=dc_random access_mode=am_random runTime=0.334752 ms

df_1D Shared: size=10240 access_num_per_thread=8 block_size=128 data_content=dc_random access_mode=am_random runTime=0.350016 ms

df_1D Shared: size=10240 access_num_per_thread=12 block_size=128 data_content=dc_random access_mode=am_random runTime=0.39424 ms

df_1D Shared: size=10240 access_num_per_thread=16 block_size=128 data_content=dc_random access_mode=am_random runTime=0.375104 ms

df_1D Shared: size=10240 access_num_per_thread=24 block_size=128 data_content=dc_random access_mode=am_random runTime=0.394656 ms

df_1D Shared: size=10240 access_num_per_thread=1 block_size=256 data_content=dc_random access_mode=am_random runTime=0.276224 ms

df_1D Shared: size=10240 access_num_per_thread=2 block_size=256 data_content=dc_random access_mode=am_random runTime=0.302112 ms

df_1D Shared: size=10240 access_num_per_thread=4 block_size=256 data_content=dc_random access_mode=am_random runTime=0.280928 ms

df_1D Shared: size=10240 access_num_per_thread=6 block_size=256 data_content=dc_random access_mode=am_random runTime=0.286912 ms

df_1D Shared: size=10240 access_num_per_thread=8 block_size=256 data_content=dc_random access_mode=am_random runTime=0.290784 ms

df_1D Shared: size=10240 access_num_per_thread=12 block_size=256 data_content=dc_random access_mode=am_random runTime=0.31216 ms

df_1D Shared: size=10240 access_num_per_thread=16 block_size=256 data_content=dc_random access_mode=am_random runTime=0.343008 ms

df_1D Shared: size=10240 access_num_per_thread=24 block_size=256 data_content=dc_random access_mode=am_random runTime=0.372832 ms

df_1D Shared: size=10240 access_num_per_thread=1 block_size=512 data_content=dc_random access_mode=am_random runTime=0.259936 ms

df_1D Shared: size=10240 access_num_per_thread=2 block_size=512 data_content=dc_random access_mode=am_random runTime=0.273376 ms

df_1D Shared: size=10240 access_num_per_thread=4 block_size=512 data_content=dc_random access_mode=am_random runTime=0.26032 ms

df_1D Shared: size=10240 access_num_per_thread=6 block_size=512 data_content=dc_random access_mode=am_random runTime=0.26288 ms

df_1D Shared: size=10240 access_num_per_thread=8 block_size=512 data_content=dc_random access_mode=am_random runTime=0.276864 ms

df_1D Shared: size=10240 access_num_per_thread=12 block_size=512 data_content=dc_random access_mode=am_random runTime=0.281728 ms

df_1D Shared: size=10240 access_num_per_thread=16 block_size=512 data_content=dc_random access_mode=am_random runTime=0.302112 ms

df_1D Shared: size=10240 access_num_per_thread=24 block_size=512 data_content=dc_random access_mode=am_random runTime=0.327456 ms

df_1D Shared: size=10240 access_num_per_thread=1 block_size=1024 data_content=dc_random access_mode=am_random runTime=0.244192 ms

df_1D Shared: size=10240 access_num_per_thread=2 block_size=1024 data_content=dc_random access_mode=am_random runTime=0.29328 ms

df_1D Shared: size=10240 access_num_per_thread=4 block_size=1024 data_content=dc_random access_mode=am_random runTime=0.251008 ms

df_1D Shared: size=10240 access_num_per_thread=6 block_size=1024 data_content=dc_random access_mode=am_random runTime=0.26736 ms

df_1D Shared: size=10240 access_num_per_thread=8 block_size=1024 data_content=dc_random access_mode=am_random runTime=0.272096 ms

df_1D Shared: size=10240 access_num_per_thread=12 block_size=1024 data_content=dc_random access_mode=am_random runTime=0.29056 ms

df_1D Shared: size=10240 access_num_per_thread=16 block_size=1024 data_content=dc_random access_mode=am_random runTime=0.300704 ms

df_1D Shared: size=10240 access_num_per_thread=24 block_size=1024 data_content=dc_random access_mode=am_random runTime=0.318592 ms

df_1D Shared: size=10240 access_num_per_thread=1 block_size=128 data_content=dc_random access_mode=am_standard_normal runTime=0.341152 ms

df_1D Shared: size=10240 access_num_per_thread=2 block_size=128 data_content=dc_random access_mode=am_standard_normal runTime=0.349408 ms

df_1D Shared: size=10240 access_num_per_thread=4 block_size=128 data_content=dc_random access_mode=am_standard_normal runTime=0.344064 ms

df_1D Shared: size=10240 access_num_per_thread=6 block_size=128 data_content=dc_random access_mode=am_standard_normal runTime=0.347968 ms

df_1D Shared: size=10240 access_num_per_thread=8 block_size=128 data_content=dc_random access_mode=am_standard_normal runTime=0.361024 ms

df_1D Shared: size=10240 access_num_per_thread=12 block_size=128 data_content=dc_random access_mode=am_standard_normal runTime=0.361056 ms

df_1D Shared: size=10240 access_num_per_thread=16 block_size=128 data_content=dc_random access_mode=am_standard_normal runTime=0.380192 ms

df_1D Shared: size=10240 access_num_per_thread=24 block_size=128 data_content=dc_random access_mode=am_standard_normal runTime=0.391264 ms

df_1D Shared: size=10240 access_num_per_thread=1 block_size=256 data_content=dc_random access_mode=am_standard_normal runTime=0.293856 ms

df_1D Shared: size=10240 access_num_per_thread=2 block_size=256 data_content=dc_random access_mode=am_standard_normal runTime=0.290976 ms

df_1D Shared: size=10240 access_num_per_thread=4 block_size=256 data_content=dc_random access_mode=am_standard_normal runTime=0.294752 ms

df_1D Shared: size=10240 access_num_per_thread=6 block_size=256 data_content=dc_random access_mode=am_standard_normal runTime=0.304192 ms

df_1D Shared: size=10240 access_num_per_thread=8 block_size=256 data_content=dc_random access_mode=am_standard_normal runTime=0.302464 ms

df_1D Shared: size=10240 access_num_per_thread=12 block_size=256 data_content=dc_random access_mode=am_standard_normal runTime=0.314112 ms

df_1D Shared: size=10240 access_num_per_thread=16 block_size=256 data_content=dc_random access_mode=am_standard_normal runTime=0.323392 ms

df_1D Shared: size=10240 access_num_per_thread=24 block_size=256 data_content=dc_random access_mode=am_standard_normal runTime=0.343584 ms

df_1D Shared: size=10240 access_num_per_thread=1 block_size=512 data_content=dc_random access_mode=am_standard_normal runTime=0.262144 ms

df_1D Shared: size=10240 access_num_per_thread=2 block_size=512 data_content=dc_random access_mode=am_standard_normal runTime=0.26704 ms

df_1D Shared: size=10240 access_num_per_thread=4 block_size=512 data_content=dc_random access_mode=am_standard_normal runTime=0.279904 ms

df_1D Shared: size=10240 access_num_per_thread=6 block_size=512 data_content=dc_random access_mode=am_standard_normal runTime=0.289696 ms

df_1D Shared: size=10240 access_num_per_thread=8 block_size=512 data_content=dc_random access_mode=am_standard_normal runTime=0.283808 ms

df_1D Shared: size=10240 access_num_per_thread=12 block_size=512 data_content=dc_random access_mode=am_standard_normal runTime=0.291616 ms

df_1D Shared: size=10240 access_num_per_thread=16 block_size=512 data_content=dc_random access_mode=am_standard_normal runTime=0.302432 ms

df_1D Shared: size=10240 access_num_per_thread=24 block_size=512 data_content=dc_random access_mode=am_standard_normal runTime=0.32784 ms

df_1D Shared: size=10240 access_num_per_thread=1 block_size=1024 data_content=dc_random access_mode=am_standard_normal runTime=0.25632 ms

df_1D Shared: size=10240 access_num_per_thread=2 block_size=1024 data_content=dc_random access_mode=am_standard_normal runTime=0.272864 ms

df_1D Shared: size=10240 access_num_per_thread=4 block_size=1024 data_content=dc_random access_mode=am_standard_normal runTime=0.277888 ms

df_1D Shared: size=10240 access_num_per_thread=6 block_size=1024 data_content=dc_random access_mode=am_standard_normal runTime=0.270976 ms

df_1D Shared: size=10240 access_num_per_thread=8 block_size=1024 data_content=dc_random access_mode=am_standard_normal runTime=0.277824 ms

df_1D Shared: size=10240 access_num_per_thread=12 block_size=1024 data_content=dc_random access_mode=am_standard_normal runTime=0.286784 ms

df_1D Shared: size=10240 access_num_per_thread=16 block_size=1024 data_content=dc_random access_mode=am_standard_normal runTime=0.30992 ms

df_1D Shared: size=10240 access_num_per_thread=24 block_size=1024 data_content=dc_random access_mode=am_standard_normal runTime=0.328288 ms

df_1D Shared: size=40960 access_num_per_thread=1 block_size=128 data_content=dc_random access_mode=am_random runTime=2.1369 ms

df_1D Shared: size=40960 access_num_per_thread=2 block_size=128 data_content=dc_random access_mode=am_random runTime=2.2191 ms

df_1D Shared: size=40960 access_num_per_thread=4 block_size=128 data_content=dc_random access_mode=am_random runTime=2.27645 ms

df_1D Shared: size=40960 access_num_per_thread=6 block_size=128 data_content=dc_random access_mode=am_random runTime=2.3712 ms

df_1D Shared: size=40960 access_num_per_thread=8 block_size=128 data_content=dc_random access_mode=am_random runTime=2.46051 ms

df_1D Shared: size=40960 access_num_per_thread=12 block_size=128 data_content=dc_random access_mode=am_random runTime=2.65866 ms

df_1D Shared: size=40960 access_num_per_thread=16 block_size=128 data_content=dc_random access_mode=am_random runTime=2.79853 ms

df_1D Shared: size=40960 access_num_per_thread=24 block_size=128 data_content=dc_random access_mode=am_random runTime=3.16768 ms

df_1D Shared: size=40960 access_num_per_thread=1 block_size=256 data_content=dc_random access_mode=am_random runTime=0.770752 ms

df_1D Shared: size=40960 access_num_per_thread=2 block_size=256 data_content=dc_random access_mode=am_random runTime=0.79072 ms

df_1D Shared: size=40960 access_num_per_thread=4 block_size=256 data_content=dc_random access_mode=am_random runTime=0.853216 ms

df_1D Shared: size=40960 access_num_per_thread=6 block_size=256 data_content=dc_random access_mode=am_random runTime=0.886336 ms

df_1D Shared: size=40960 access_num_per_thread=8 block_size=256 data_content=dc_random access_mode=am_random runTime=0.936288 ms

df_1D Shared: size=40960 access_num_per_thread=12 block_size=256 data_content=dc_random access_mode=am_random runTime=1.02896 ms

df_1D Shared: size=40960 access_num_per_thread=16 block_size=256 data_content=dc_random access_mode=am_random runTime=1.12266 ms

df_1D Shared: size=40960 access_num_per_thread=24 block_size=256 data_content=dc_random access_mode=am_random runTime=1.31702 ms

df_1D Shared: size=40960 access_num_per_thread=1 block_size=512 data_content=dc_random access_mode=am_random runTime=0.433984 ms

df_1D Shared: size=40960 access_num_per_thread=2 block_size=512 data_content=dc_random access_mode=am_random runTime=0.474624 ms

df_1D Shared: size=40960 access_num_per_thread=4 block_size=512 data_content=dc_random access_mode=am_random runTime=0.472576 ms

df_1D Shared: size=40960 access_num_per_thread=6 block_size=512 data_content=dc_random access_mode=am_random runTime=0.510336 ms

df_1D Shared: size=40960 access_num_per_thread=8 block_size=512 data_content=dc_random access_mode=am_random runTime=0.528416 ms

df_1D Shared: size=40960 access_num_per_thread=12 block_size=512 data_content=dc_random access_mode=am_random runTime=0.581568 ms

df_1D Shared: size=40960 access_num_per_thread=16 block_size=512 data_content=dc_random access_mode=am_random runTime=0.642048 ms

df_1D Shared: size=40960 access_num_per_thread=24 block_size=512 data_content=dc_random access_mode=am_random runTime=0.749056 ms

df_1D Shared: size=40960 access_num_per_thread=1 block_size=1024 data_content=dc_random access_mode=am_random runTime=0.362368 ms

df_1D Shared: size=40960 access_num_per_thread=2 block_size=1024 data_content=dc_random access_mode=am_random runTime=0.352928 ms

df_1D Shared: size=40960 access_num_per_thread=4 block_size=1024 data_content=dc_random access_mode=am_random runTime=0.35904 ms

df_1D Shared: size=40960 access_num_per_thread=6 block_size=1024 data_content=dc_random access_mode=am_random runTime=0.375744 ms

df_1D Shared: size=40960 access_num_per_thread=8 block_size=1024 data_content=dc_random access_mode=am_random runTime=0.390784 ms

df_1D Shared: size=40960 access_num_per_thread=12 block_size=1024 data_content=dc_random access_mode=am_random runTime=0.434752 ms

df_1D Shared: size=40960 access_num_per_thread=16 block_size=1024 data_content=dc_random access_mode=am_random runTime=0.455264 ms

df_1D Shared: size=40960 access_num_per_thread=24 block_size=1024 data_content=dc_random access_mode=am_random runTime=0.532928 ms

df_1D Shared: size=40960 access_num_per_thread=1 block_size=128 data_content=dc_random access_mode=am_standard_normal runTime=2.1689 ms

df_1D Shared: size=40960 access_num_per_thread=2 block_size=128 data_content=dc_random access_mode=am_standard_normal runTime=2.21818 ms

df_1D Shared: size=40960 access_num_per_thread=4 block_size=128 data_content=dc_random access_mode=am_standard_normal runTime=2.30829 ms

df_1D Shared: size=40960 access_num_per_thread=6 block_size=128 data_content=dc_random access_mode=am_standard_normal runTime=2.39808 ms

df_1D Shared: size=40960 access_num_per_thread=8 block_size=128 data_content=dc_random access_mode=am_standard_normal runTime=2.48506 ms

df_1D Shared: size=40960 access_num_per_thread=12 block_size=128 data_content=dc_random access_mode=am_standard_normal runTime=2.68109 ms

df_1D Shared: size=40960 access_num_per_thread=16 block_size=128 data_content=dc_random access_mode=am_standard_normal runTime=2.90915 ms

df_1D Shared: size=40960 access_num_per_thread=24 block_size=128 data_content=dc_random access_mode=am_standard_normal runTime=3.21837 ms

df_1D Shared: size=40960 access_num_per_thread=1 block_size=256 data_content=dc_random access_mode=am_standard_normal runTime=0.795456 ms

df_1D Shared: size=40960 access_num_per_thread=2 block_size=256 data_content=dc_random access_mode=am_standard_normal runTime=0.811584 ms

df_1D Shared: size=40960 access_num_per_thread=4 block_size=256 data_content=dc_random access_mode=am_standard_normal runTime=0.872352 ms

df_1D Shared: size=40960 access_num_per_thread=6 block_size=256 data_content=dc_random access_mode=am_standard_normal runTime=0.918016 ms

df_1D Shared: size=40960 access_num_per_thread=8 block_size=256 data_content=dc_random access_mode=am_standard_normal runTime=0.962944 ms

df_1D Shared: size=40960 access_num_per_thread=12 block_size=256 data_content=dc_random access_mode=am_standard_normal runTime=1.0808 ms

df_1D Shared: size=40960 access_num_per_thread=16 block_size=256 data_content=dc_random access_mode=am_standard_normal runTime=1.13411 ms

df_1D Shared: size=40960 access_num_per_thread=24 block_size=256 data_content=dc_random access_mode=am_standard_normal runTime=1.33165 ms

df_1D Shared: size=40960 access_num_per_thread=1 block_size=512 data_content=dc_random access_mode=am_standard_normal runTime=0.466464 ms

df_1D Shared: size=40960 access_num_per_thread=2 block_size=512 data_content=dc_random access_mode=am_standard_normal runTime=0.468672 ms

df_1D Shared: size=40960 access_num_per_thread=4 block_size=512 data_content=dc_random access_mode=am_standard_normal runTime=0.50144 ms

df_1D Shared: size=40960 access_num_per_thread=6 block_size=512 data_content=dc_random access_mode=am_standard_normal runTime=0.535072 ms

df_1D Shared: size=40960 access_num_per_thread=8 block_size=512 data_content=dc_random access_mode=am_standard_normal runTime=0.5952 ms

df_1D Shared: size=40960 access_num_per_thread=12 block_size=512 data_content=dc_random access_mode=am_standard_normal runTime=0.611776 ms

df_1D Shared: size=40960 access_num_per_thread=16 block_size=512 data_content=dc_random access_mode=am_standard_normal runTime=0.658528 ms

df_1D Shared: size=40960 access_num_per_thread=24 block_size=512 data_content=dc_random access_mode=am_standard_normal runTime=0.770336 ms

df_1D Shared: size=40960 access_num_per_thread=1 block_size=1024 data_content=dc_random access_mode=am_standard_normal runTime=0.38272 ms

df_1D Shared: size=40960 access_num_per_thread=2 block_size=1024 data_content=dc_random access_mode=am_standard_normal runTime=0.398944 ms

df_1D Shared: size=40960 access_num_per_thread=4 block_size=1024 data_content=dc_random access_mode=am_standard_normal runTime=0.389536 ms

df_1D Shared: size=40960 access_num_per_thread=6 block_size=1024 data_content=dc_random access_mode=am_standard_normal runTime=0.456448 ms

df_1D Shared: size=40960 access_num_per_thread=8 block_size=1024 data_content=dc_random access_mode=am_standard_normal runTime=0.432 ms

df_1D Shared: size=40960 access_num_per_thread=12 block_size=1024 data_content=dc_random access_mode=am_standard_normal runTime=0.4504 ms

df_1D Shared: size=40960 access_num_per_thread=16 block_size=1024 data_content=dc_random access_mode=am_standard_normal runTime=0.485728 ms
df_1D Shared: size=40960 access_num_per_thread=24 block_size=1024 data_content=dc_random access_mode=am_standard_normal runTime=0.553024 ms
